<?xml version="1.0" encoding="UTF-8"?>
<Site BuildName="(empty)"
	BuildStamp="20240901-1105-Experimental"
	Name="(empty)"
	Generator="ctest-3.28.3"
	CompilerName=""
	CompilerVersion=""
	OSName="Linux"
	Hostname="abdullah"
	OSRelease="6.8.0-41-generic"
	OSVersion="#41-Ubuntu SMP PREEMPT_DYNAMIC Fri Aug  2 20:41:06 UTC 2024"
	OSPlatform="x86_64"
	Is64Bits="1"
	VendorString="GenuineIntel"
	VendorID="Intel Corporation"
	FamilyID="6"
	ModelID="126"
	ProcessorCacheSize="6144"
	NumberOfLogicalCPU="4"
	NumberOfPhysicalCPU="4"
	TotalVirtualMemory="4095"
	TotalPhysicalMemory="11028"
	LogicalProcessorsPerPhysical="1"
	ProcessorClockFrequency="1190.4"
	>
	<Testing>
		<StartDateTime>Sep 01 18:52 PKT</StartDateTime>
		<StartTestTime>1725198729</StartTestTime>
		<TestList/>
		<EndDateTime>Sep 01 18:52 PKT</EndDateTime>
		<EndTestTime>1725198729</EndTestTime>
		<ElapsedMinutes>0</ElapsedMinutes>
	</Testing>
</Site>
